
[7m[1m[36m NX [39m[22m[27m  [36mRunning target [1mserve[22m for project api and [1m3[22m tasks it depends on:[39m

[2m[36m[39m[22m

[2m> [22m[2mnx run[22m shared-types:build  [2m[local cache][22m


[2m> [22m[2mnx run[22m shared-config:build  [2m[local cache][22m


[2m> [22m[2mnx run[22m api:build  [2m[local cache][22m

Compiling TypeScript files for project "api"...
Done compiling TypeScript files for project "api".

[2m> [22m[2mnx run[22m api:serve:development

[7m[1m[33m NX [39m[22m[27m  [33mNx Daemon is not enabled. Assets and package.json files will not be updated when files change.[39m
[2J[3J[H
5:14:53 PM - Starting compilation in watch mode...
5:15:17 PM - Found 0 errors. Watching for file changes.
[1m[31mDebugger listening on ws://localhost:9229/e04f6af4-935b-4594-b096-72b667eefe53
[39m[22m
[1m[31mDebugger listening on ws://localhost:9229/e04f6af4-935b-4594-b096-72b667eefe53
[39m[22m
[1m[31mFor help, see: https://nodejs.org/en/docs/inspector
[39m[22m
[1m[31mReferenceError: exports is not defined in ES module scope
This file is being treated as an ES module because it has a '.js' file extension and 'C:\Users\USER\Desktop\Nextjs_blox\dist\shared-types\package.json' contains "type": "module". To treat it as a CommonJS script, rename it to use the '.cjs' file extension.
    at file:///C:/Users/USER/Desktop/Nextjs_blox/dist/shared-types/src/index.js:2:23
    at ModuleJobSync.runSync (node:internal/modules/esm/module_job:517:37)
    at ModuleLoader.importSyncForRequire (node:internal/modules/esm/loader:388:47)
    at loadESMFromCJS (node:internal/modules/cjs/loader:1578:24)
    at Module._compile (node:internal/modules/cjs/loader:1743:5)
    at Object..js (node:internal/modules/cjs/loader:1893:10)
    at Module.load (node:internal/modules/cjs/loader:1481:32)
    at Module.<anonymous> (node:internal/modules/cjs/loader:1300:12)
    at Module._load (C:\Users\USER\Desktop\Nextjs_blox\node_modules\@nx\js\src\executors\node\node-with-require-overrides.js:15:31)
    at TracingChannel.traceSync (node:diagnostics_channel:328:14)
[39m[22m
[7m[1m[36m NX [39m[22m[27m [1mProcess exited with code 1, waiting for changes to restart...[22m
[2J[3J[H
5:17:27 PM - File change detected. Starting incremental compilation...
5:17:32 PM - Found 0 errors. Watching for file changes.
[2J[3J[H
5:17:33 PM - File change detected. Starting incremental compilation...
5:17:34 PM - Found 0 errors. Watching for file changes.
[1m[31mDebugger listening on ws://localhost:9229/547e16b2-7e5d-46c0-9168-e8e32c859742
Debugger listening on ws://localhost:9229/547e16b2-7e5d-46c0-9168-e8e32c859742
For help, see: https://nodejs.org/en/docs/inspector
[39m[22m
[2J[3J[H
5:17:36 PM - File change detected. Starting incremental compilation...
/Users/USER/Desktop/Nextjs_blox/api/src/app/billing/billing.controller.ts(12,10): error TS2305: Module '"@nextjs-blox/shared-types"' has no exported member 'BillingCycle'.
/Users/USER/Desktop/Nextjs_blox/api/src/app/billing/billing.controller.ts(12,24): error TS2305: Module '"@nextjs-blox/shared-types"' has no exported member 'PlanTier'.
/Users/USER/Desktop/Nextjs_blox/api/src/app/billing/billing.service.ts(7,10): error TS2305: Module '"@nextjs-blox/shared-types"' has no exported member 'BillingCycle'.
/Users/USER/Desktop/Nextjs_blox/api/src/app/billing/billing.service.ts(7,24): error TS2305: Module '"@nextjs-blox/shared-types"' has no exported member 'PlanTier'.
/Users/USER/Desktop/Nextjs_blox/api/src/app/billing/billing.service.ts(9,30): error TS2307: Cannot find module '@nextjs-blox/shared-config' or its corresponding type declarations.
5:17:39 PM - Found 5 errors. Watching for file changes.
[1m[31mDebugger listening on ws://localhost:9229/6142b821-88c2-4431-bbda-36c2fb3132ee
Debugger listening on ws://localhost:9229/6142b821-88c2-4431-bbda-36c2fb3132ee
For help, see: https://nodejs.org/en/docs/inspector
[39m[22m
[1m[31mBuild failed, waiting for changes to restart...[39m[22m
[2J[3J[H
5:17:41 PM - File change detected. Starting incremental compilation...
/Users/USER/Desktop/Nextjs_blox/api/src/app/billing/billing.controller.ts(12,10): error TS2305: Module '"@nextjs-blox/shared-types"' has no exported member 'BillingCycle'.
/Users/USER/Desktop/Nextjs_blox/api/src/app/billing/billing.controller.ts(12,24): error TS2305: Module '"@nextjs-blox/shared-types"' has no exported member 'PlanTier'.
/Users/USER/Desktop/Nextjs_blox/api/src/app/billing/billing.service.ts(7,10): error TS2305: Module '"@nextjs-blox/shared-types"' has no exported member 'BillingCycle'.
/Users/USER/Desktop/Nextjs_blox/api/src/app/billing/billing.service.ts(7,24): error TS2305: Module '"@nextjs-blox/shared-types"' has no exported member 'PlanTier'.
5:17:45 PM - Found 4 errors. Watching for file changes.
[1m[31mBuild failed, waiting for changes to restart...[39m[22m

[7m[1m[36m NX [39m[22m[27m  [36mRunning target [1mserve[22m for project api and [1m3[22m tasks it depends on:[39m

[2m[36m[39m[22m

[2m> [22m[2mnx run[22m shared-types:build  [2m[local cache][22m


[2m> [22m[2mnx run[22m shared-config:build  [2m[local cache][22m


[2m> [22m[2mnx run[22m api:build  [2m[local cache][22m

Compiling TypeScript files for project "api"...
Done compiling TypeScript files for project "api".

[2m> [22m[2mnx run[22m api:serve:development

[7m[1m[33m NX [39m[22m[27m  [33mNx Daemon is not enabled. Assets and package.json files will not be updated when files change.[39m
[2J[3J[H
5:18:57 PM - Starting compilation in watch mode...
